<?xml version="1.0" encoding="UTF-8"?>
<testng-results skipped="0" failed="0" ignored="0" total="0" passed="0">
  <reporter-output>
  </reporter-output>
  <suite name="RestAPI.WebAPI.AppTest" duration-ms="3" started-at="2019-03-09T00:25:06Z" finished-at="2019-03-09T00:25:06Z">
    <groups>
    </groups>
    <test name="Command line test" duration-ms="3" started-at="2019-03-09T00:25:06Z" finished-at="2019-03-09T00:25:06Z">
    </test> <!-- Command line test -->
  </suite> <!-- RestAPI.WebAPI.AppTest -->
</testng-results>
