<?xml version="1.0" encoding="UTF-8"?>
<testng-results skipped="0" failed="0" ignored="0" total="1" passed="1">
  <reporter-output>
  </reporter-output>
  <suite name="Default suite" duration-ms="1273" started-at="2019-10-13T13:49:54Z" finished-at="2019-10-13T13:49:55Z">
    <groups>
    </groups>
    <test name="Default test" duration-ms="1273" started-at="2019-10-13T13:49:54Z" finished-at="2019-10-13T13:49:55Z">
      <class name="com.testRestAPI.TestAPI">
        <test-method status="PASS" signature="setUp()[pri:0, instance:com.testRestAPI.TestAPI@2a5ca609]" name="setUp" is-config="true" duration-ms="5" started-at="2019-10-13T13:49:54Z" finished-at="2019-10-13T13:49:54Z">
          <reporter-output>
          </reporter-output>
        </test-method> <!-- setUp -->
        <test-method status="PASS" signature="testGetMethod()[pri:0, instance:com.testRestAPI.TestAPI@2a5ca609]" name="testGetMethod" duration-ms="1246" started-at="2019-10-13T13:49:54Z" finished-at="2019-10-13T13:49:55Z">
          <reporter-output>
          </reporter-output>
        </test-method> <!-- testGetMethod -->
      </class> <!-- com.testRestAPI.TestAPI -->
    </test> <!-- Default test -->
  </suite> <!-- Default suite -->
</testng-results>
